<?xml version="1.0" encoding="UTF-8"?>
<!-- Generated by org.testng.reporters.JUnitReportReporter -->
<testsuite hostname="SuSl" name="com.example.tests.GroupCreationTests" tests="2" failures="0" timestamp="1 Mar 2015 23:53:10 GMT" time="4.540" errors="0">
  <testcase name="testNonEmptyGroupCreation" time="2.493" classname="com.example.tests.GroupCreationTests"/>
  <testcase name="testEmptyGroupCreation" time="2.047" classname="com.example.tests.GroupCreationTests"/>
</testsuite> <!-- com.example.tests.GroupCreationTests -->
