<?xml version="1.0" encoding="UTF-8"?>
<!-- Generated by org.testng.reporters.JUnitReportReporter -->
<testsuite hostname="SuSl" name="com.example.tests.AlsoGroupCreationTests" tests="2" failures="0" timestamp="23 Feb 2015 12:36:46 GMT" time="3.550" errors="0">
  <testcase name="testEmptyGroupCreation" time="1.741" classname="com.example.tests.AlsoGroupCreationTests"/>
  <testcase name="testNonEmptyGroupCreation" time="1.809" classname="com.example.tests.AlsoGroupCreationTests"/>
</testsuite> <!-- com.example.tests.AlsoGroupCreationTests -->
