<?xml version="1.0" encoding="UTF-8"?>
<!-- Generated by org.testng.reporters.JUnitReportReporter -->
<testsuite hostname="SuSl" name="com.example.tests.ANew" tests="2" failures="0" timestamp="1 Mar 2015 22:58:57 GMT" time="9.607" errors="0">
  <testcase name="testNonEmptyAddNewCreation" time="4.690" classname="com.example.tests.ANew"/>
  <testcase name="testEmptyAddNewCreation" time="4.917" classname="com.example.tests.ANew"/>
</testsuite> <!-- com.example.tests.ANew -->
