<?xml version="1.0" encoding="UTF-8"?>
<!-- Generated by org.testng.reporters.JUnitReportReporter -->
<testsuite hostname="SuSl" name="com.example.tests.AlsoGroupCreationTests" tests="2" failures="0" timestamp="1 Mar 2015 23:53:10 GMT" time="3.647" errors="0">
  <testcase name="testNonEmptyGroupCreation" time="1.856" classname="com.example.tests.AlsoGroupCreationTests"/>
  <testcase name="testEmptyGroupCreation" time="1.791" classname="com.example.tests.AlsoGroupCreationTests"/>
</testsuite> <!-- com.example.tests.AlsoGroupCreationTests -->
