<?xml version="1.0" encoding="UTF-8"?>
<!-- Generated by org.testng.reporters.JUnitReportReporter -->
<testsuite hostname="SuSl" name="com.example.tests.GroupCreationTests" tests="2" failures="0" timestamp="23 Feb 2015 12:36:46 GMT" time="4.706" errors="0">
  <testcase name="testNonEmptyGroupCreation" time="2.487" classname="com.example.tests.GroupCreationTests"/>
  <testcase name="testEmptyGroupCreation" time="2.219" classname="com.example.tests.GroupCreationTests"/>
</testsuite> <!-- com.example.tests.GroupCreationTests -->
