<?xml version="1.0" encoding="UTF-8"?>
<!-- Generated by org.testng.reporters.JUnitReportReporter -->
<testsuite hostname="SuSl" name="com.example.tests.ZANew" tests="2" failures="0" timestamp="1 Mar 2015 23:53:10 GMT" time="8.986" errors="0">
  <testcase name="testNonEmptyAddNewCreation" time="4.717" classname="com.example.tests.ZANew"/>
  <testcase name="testEmptyAddNewCreation" time="4.269" classname="com.example.tests.ZANew"/>
</testsuite> <!-- com.example.tests.ZANew -->
